{
  "0 debug pnpm:scope": {
    "selected": 1
  },
  "1 error pnpm": {
    "errno": 1,
    "code": "ELIFECYCLE",
    "pkgid": "easyposter@0.0.6",
    "stage": "build",
    "script": "rollup -c ./build/rollup.config.js",
    "pkgname": "easyposter",
    "err": {
      "name": "pnpm",
      "message": "easyposter@0.0.6 build: `rollup -c ./build/rollup.config.js`\nExit status 1",
      "code": "ELIFECYCLE",
      "stack": "pnpm: easyposter@0.0.6 build: `rollup -c ./build/rollup.config.js`\nExit status 1\n    at EventEmitter.<anonymous> (C:\\Users\\AA\\AppData\\Roaming\\npm\\node_modules\\pnpm\\dist\\pnpm.cjs:108610:20)\n    at EventEmitter.emit (events.js:400:28)\n    at ChildProcess.<anonymous> (C:\\Users\\AA\\AppData\\Roaming\\npm\\node_modules\\pnpm\\dist\\pnpm.cjs:95176:18)\n    at ChildProcess.emit (events.js:400:28)\n    at maybeClose (internal/child_process.js:1055:16)\n    at Process.ChildProcess._handle.onexit (internal/child_process.js:288:5)"
    }
  },
  "2 warn pnpm:global": " Local package.json exists, but node_modules missing, did you mean to install?"
}